<?xml version="1.0" encoding="UTF-8"?>
<testng-results ignored="0" total="1" passed="1" failed="0" skipped="0">
  <reporter-output>
  </reporter-output>
  <suite started-at="2025-07-16T18:53:32 IST" name="Automation Suite" finished-at="2025-07-16T18:53:45 IST" duration-ms="13111">
    <groups>
    </groups>
    <test started-at="2025-07-16T18:53:32 IST" name="Login Tests" finished-at="2025-07-16T18:53:45 IST" duration-ms="13111">
      <class name="Test.loginPageTest">
        <test-method is-config="true" signature="browserLaunch()[pri:0, instance:Test.loginPageTest@4c2cc639]" started-at="2025-07-16T18:53:32 IST" name="browserLaunch" finished-at="2025-07-16T18:53:36 IST" duration-ms="3127" status="PASS">
          <reporter-output>
          </reporter-output>
        </test-method> <!-- browserLaunch -->
        <test-method signature="loginWithValidCredentialsTest()[pri:0, instance:Test.loginPageTest@4c2cc639]" started-at="2025-07-16T18:53:36 IST" name="loginWithValidCredentialsTest" description="User Login with Valid Credentials" finished-at="2025-07-16T18:53:45 IST" duration-ms="9939" status="PASS">
          <reporter-output>
          </reporter-output>
        </test-method> <!-- loginWithValidCredentialsTest -->
      </class> <!-- Test.loginPageTest -->
    </test> <!-- Login Tests -->
  </suite> <!-- Automation Suite -->
</testng-results>
